Arguments: 
  /usr/local/bin/node /usr/local/bin/yarn set version 3.2.0-rc.8

PATH: 
  /Users/victorgonzalez/opt/anaconda3/bin:/Users/victorgonzalez/opt/anaconda3/condabin:/opt/homebrew/bin:/opt/homebrew/sbin:/usr/local/bin:/usr/bin:/bin:/usr/sbin:/sbin:/Applications/Wireshark.app/Contents/MacOS

Yarn version: 
  1.22.11

Node version: 
  14.17.6

Platform: 
  darwin x64

Trace: 
  Error: Release not found: 3.2.0-rc.8
      at /usr/local/lib/node_modules/yarn/lib/cli.js:90309:17
      at Generator.next (<anonymous>)
      at step (/usr/local/lib/node_modules/yarn/lib/cli.js:310:30)
      at /usr/local/lib/node_modules/yarn/lib/cli.js:321:13
      at processTicksAndRejections (internal/process/task_queues.js:95:5)

npm manifest: 
  {
    "name": "graasp-apps-query-client",
    "version": "0.1.0",
    "description": "Query client repository for Graasp apps",
    "main": "index.js",
    "repository": "git@github.com:graasp/graasp-apps-query-client.git",
    "author": "Graasp Association",
    "license": "MIT"
  }

yarn manifest: 
  No manifest

Lockfile: 
  # THIS IS AN AUTOGENERATED FILE. DO NOT EDIT THIS FILE DIRECTLY.
  # yarn lockfile v1
